<?xml version="1.0" encoding="UTF-8"?>
<testng-results ignored="0" total="1" passed="1" failed="0" skipped="0">
  <reporter-output>
  </reporter-output>
  <suite started-at="2022-07-15T13:26:05 SAST" name="Default suite" finished-at="2022-07-15T13:26:12 SAST" duration-ms="6980">
    <groups>
    </groups>
    <test started-at="2022-07-15T13:26:05 SAST" name="Default test" finished-at="2022-07-15T13:26:12 SAST" duration-ms="6980">
      <class name="testcases.SubtractSmallNumberByLArgeNumber">
        <test-method is-config="true" signature="setUp()[pri:0, instance:testcases.SubtractSmallNumberByLArgeNumber@25fb8912]" started-at="2022-07-15T13:26:05 SAST" name="setUp" finished-at="2022-07-15T13:26:09 SAST" duration-ms="4218" status="PASS">
          <reporter-output>
          </reporter-output>
        </test-method> <!-- setUp -->
        <test-method signature="DivideTwoNumbers()[pri:0, instance:testcases.SubtractSmallNumberByLArgeNumber@25fb8912]" started-at="2022-07-15T13:26:09 SAST" name="DivideTwoNumbers" finished-at="2022-07-15T13:26:11 SAST" duration-ms="2269" status="PASS">
          <reporter-output>
          </reporter-output>
        </test-method> <!-- DivideTwoNumbers -->
        <test-method is-config="true" signature="tearDown()[pri:0, instance:testcases.SubtractSmallNumberByLArgeNumber@25fb8912]" started-at="2022-07-15T13:26:11 SAST" name="tearDown" finished-at="2022-07-15T13:26:12 SAST" duration-ms="441" status="PASS">
          <reporter-output>
          </reporter-output>
        </test-method> <!-- tearDown -->
      </class> <!-- testcases.SubtractSmallNumberByLArgeNumber -->
    </test> <!-- Default test -->
  </suite> <!-- Default suite -->
</testng-results>
